Analysis & Synthesis report for DE1_SoC
Mon Dec 01 15:38:52 2014
Quartus II 64-Bit Version 14.0.0 Build 200 06/17/2014 SJ Web Edition


---------------------
; Table of Contents ;
---------------------
  1. Legal Notice
  2. Analysis & Synthesis Summary
  3. Analysis & Synthesis Settings
  4. Parallel Compilation
  5. Analysis & Synthesis Source Files Read
  6. Analysis & Synthesis Resource Usage Summary
  7. Analysis & Synthesis Resource Utilization by Entity
  8. State Machine - |DE1_SoC|morse:code|ps
  9. Registers Removed During Synthesis
 10. General Register Statistics
 11. Parameter Settings for User Entity Instance: Top-level Entity: |DE1_SoC
 12. Parameter Settings for User Entity Instance: morse:code
 13. Port Connectivity Checks: "clock_divider:cdiv"
 14. Post-Synthesis Netlist Statistics for Top Partition
 15. Elapsed Time Per Partition
 16. Analysis & Synthesis Messages



----------------
; Legal Notice ;
----------------
Copyright (C) 1991-2014 Altera Corporation. All rights reserved.
Your use of Altera Corporation's design tools, logic functions 
and other software and tools, and its AMPP partner logic 
functions, and any output files from any of the foregoing 
(including device programming or simulation files), and any 
associated documentation or information are expressly subject 
to the terms and conditions of the Altera Program License 
Subscription Agreement, the Altera Quartus II License Agreement,
the Altera MegaCore Function License Agreement, or other 
applicable license agreement, including, without limitation, 
that your use is for the sole purpose of programming logic 
devices manufactured by Altera and sold by Altera or its 
authorized distributors.  Please refer to the applicable 
agreement for further details.



+------------------------------------------------------------------------------+
; Analysis & Synthesis Summary                                                 ;
+---------------------------------+--------------------------------------------+
; Analysis & Synthesis Status     ; Successful - Mon Dec 01 15:38:52 2014      ;
; Quartus II 64-Bit Version       ; 14.0.0 Build 200 06/17/2014 SJ Web Edition ;
; Revision Name                   ; DE1_SoC                                    ;
; Top-level Entity Name           ; DE1_SoC                                    ;
; Family                          ; Cyclone V                                  ;
; Logic utilization (in ALMs)     ; N/A                                        ;
; Total registers                 ; 33                                         ;
; Total pins                      ; 45                                         ;
; Total virtual pins              ; 0                                          ;
; Total block memory bits         ; 0                                          ;
; Total DSP Blocks                ; 0                                          ;
; Total HSSI RX PCSs              ; 0                                          ;
; Total HSSI PMA RX Deserializers ; 0                                          ;
; Total HSSI TX PCSs              ; 0                                          ;
; Total HSSI PMA TX Serializers   ; 0                                          ;
; Total PLLs                      ; 0                                          ;
; Total DLLs                      ; 0                                          ;
+---------------------------------+--------------------------------------------+


+---------------------------------------------------------------------------------------------------------------------------+
; Analysis & Synthesis Settings                                                                                             ;
+---------------------------------------------------------------------------------+--------------------+--------------------+
; Option                                                                          ; Setting            ; Default Value      ;
+---------------------------------------------------------------------------------+--------------------+--------------------+
; Device                                                                          ; 5CSEMA5F31C6       ;                    ;
; Top-level entity name                                                           ; DE1_SoC            ; DE1_SoC            ;
; Family name                                                                     ; Cyclone V          ; Cyclone IV GX      ;
; State Machine Processing                                                        ; User-Encoded       ; Auto               ;
; Use smart compilation                                                           ; Off                ; Off                ;
; Enable parallel Assembler and TimeQuest Timing Analyzer during compilation      ; On                 ; On                 ;
; Enable compact report table                                                     ; Off                ; Off                ;
; Restructure Multiplexers                                                        ; Auto               ; Auto               ;
; MLAB Add Timing Constraints For Mixed-Port Feed-Through Mode Setting Don't Care ; Off                ; Off                ;
; Create Debugging Nodes for IP Cores                                             ; Off                ; Off                ;
; Preserve fewer node names                                                       ; On                 ; On                 ;
; Disable OpenCore Plus hardware evaluation                                       ; Off                ; Off                ;
; Verilog Version                                                                 ; Verilog_2001       ; Verilog_2001       ;
; VHDL Version                                                                    ; VHDL_1993          ; VHDL_1993          ;
; Safe State Machine                                                              ; Off                ; Off                ;
; Extract Verilog State Machines                                                  ; On                 ; On                 ;
; Extract VHDL State Machines                                                     ; On                 ; On                 ;
; Ignore Verilog initial constructs                                               ; Off                ; Off                ;
; Iteration limit for constant Verilog loops                                      ; 5000               ; 5000               ;
; Iteration limit for non-constant Verilog loops                                  ; 250                ; 250                ;
; Add Pass-Through Logic to Inferred RAMs                                         ; On                 ; On                 ;
; Infer RAMs from Raw Logic                                                       ; On                 ; On                 ;
; Parallel Synthesis                                                              ; On                 ; On                 ;
; DSP Block Balancing                                                             ; Auto               ; Auto               ;
; NOT Gate Push-Back                                                              ; On                 ; On                 ;
; Power-Up Don't Care                                                             ; On                 ; On                 ;
; Remove Redundant Logic Cells                                                    ; Off                ; Off                ;
; Remove Duplicate Registers                                                      ; On                 ; On                 ;
; Ignore CARRY Buffers                                                            ; Off                ; Off                ;
; Ignore CASCADE Buffers                                                          ; Off                ; Off                ;
; Ignore GLOBAL Buffers                                                           ; Off                ; Off                ;
; Ignore ROW GLOBAL Buffers                                                       ; Off                ; Off                ;
; Ignore LCELL Buffers                                                            ; Off                ; Off                ;
; Ignore SOFT Buffers                                                             ; On                 ; On                 ;
; Limit AHDL Integers to 32 Bits                                                  ; Off                ; Off                ;
; Optimization Technique                                                          ; Balanced           ; Balanced           ;
; Carry Chain Length                                                              ; 70                 ; 70                 ;
; Auto Carry Chains                                                               ; On                 ; On                 ;
; Auto Open-Drain Pins                                                            ; On                 ; On                 ;
; Perform WYSIWYG Primitive Resynthesis                                           ; Off                ; Off                ;
; Auto ROM Replacement                                                            ; On                 ; On                 ;
; Auto RAM Replacement                                                            ; On                 ; On                 ;
; Auto DSP Block Replacement                                                      ; On                 ; On                 ;
; Auto Shift Register Replacement                                                 ; Auto               ; Auto               ;
; Allow Shift Register Merging across Hierarchies                                 ; Auto               ; Auto               ;
; Auto Clock Enable Replacement                                                   ; On                 ; On                 ;
; Strict RAM Replacement                                                          ; Off                ; Off                ;
; Allow Synchronous Control Signals                                               ; On                 ; On                 ;
; Force Use of Synchronous Clear Signals                                          ; Off                ; Off                ;
; Auto Resource Sharing                                                           ; Off                ; Off                ;
; Allow Any RAM Size For Recognition                                              ; Off                ; Off                ;
; Allow Any ROM Size For Recognition                                              ; Off                ; Off                ;
; Allow Any Shift Register Size For Recognition                                   ; Off                ; Off                ;
; Use LogicLock Constraints during Resource Balancing                             ; On                 ; On                 ;
; Ignore translate_off and synthesis_off directives                               ; Off                ; Off                ;
; Timing-Driven Synthesis                                                         ; On                 ; On                 ;
; Report Parameter Settings                                                       ; On                 ; On                 ;
; Report Source Assignments                                                       ; On                 ; On                 ;
; Report Connectivity Checks                                                      ; On                 ; On                 ;
; Ignore Maximum Fan-Out Assignments                                              ; Off                ; Off                ;
; Synchronization Register Chain Length                                           ; 3                  ; 3                  ;
; PowerPlay Power Optimization                                                    ; Normal compilation ; Normal compilation ;
; HDL message level                                                               ; Level2             ; Level2             ;
; Suppress Register Optimization Related Messages                                 ; Off                ; Off                ;
; Number of Removed Registers Reported in Synthesis Report                        ; 5000               ; 5000               ;
; Number of Swept Nodes Reported in Synthesis Report                              ; 5000               ; 5000               ;
; Number of Inverted Registers Reported in Synthesis Report                       ; 100                ; 100                ;
; Clock MUX Protection                                                            ; On                 ; On                 ;
; Auto Gated Clock Conversion                                                     ; Off                ; Off                ;
; Block Design Naming                                                             ; Auto               ; Auto               ;
; SDC constraint protection                                                       ; Off                ; Off                ;
; Synthesis Effort                                                                ; Auto               ; Auto               ;
; Shift Register Replacement - Allow Asynchronous Clear Signal                    ; On                 ; On                 ;
; Pre-Mapping Resynthesis Optimization                                            ; Off                ; Off                ;
; Analysis & Synthesis Message Level                                              ; Medium             ; Medium             ;
; Disable Register Merging Across Hierarchies                                     ; Auto               ; Auto               ;
; Resource Aware Inference For Block RAM                                          ; On                 ; On                 ;
; Synthesis Seed                                                                  ; 1                  ; 1                  ;
; Automatic Parallel Synthesis                                                    ; On                 ; On                 ;
; Partial Reconfiguration Bitstream ID                                            ; Off                ; Off                ;
+---------------------------------------------------------------------------------+--------------------+--------------------+


+------------------------------------------+
; Parallel Compilation                     ;
+----------------------------+-------------+
; Processors                 ; Number      ;
+----------------------------+-------------+
; Number detected on machine ; 8           ;
; Maximum allowed            ; 4           ;
;                            ;             ;
; Average used               ; 1.00        ;
; Maximum used               ; 1           ;
;                            ;             ;
; Usage by Processor         ; % Time Used ;
;     Processor 1            ; 100.0%      ;
;     Processors 2-8         ;   0.0%      ;
+----------------------------+-------------+


+---------------------------------------------------------------------------------------------------------------------------------------------------------------------------------------------+
; Analysis & Synthesis Source Files Read                                                                                                                                                      ;
+----------------------------------+-----------------+------------------------------+-----------------------------------------------------------------------------------------------+---------+
; File Name with User-Entered Path ; Used in Netlist ; File Type                    ; File Name with Absolute Path                                                                  ; Library ;
+----------------------------------+-----------------+------------------------------+-----------------------------------------------------------------------------------------------+---------+
; userInput.sv                     ; yes             ; User SystemVerilog HDL File  ; C:/Users/Eeshan/Dropbox/Homework/College/3. Junior/Fall Quarter/EE 271/Labs/Lab8/userInput.sv ;         ;
; DE1_SoC.sv                       ; yes             ; User SystemVerilog HDL File  ; C:/Users/Eeshan/Dropbox/Homework/College/3. Junior/Fall Quarter/EE 271/Labs/Lab8/DE1_SoC.sv   ;         ;
; code.sv                          ; yes             ; User SystemVerilog HDL File  ; C:/Users/Eeshan/Dropbox/Homework/College/3. Junior/Fall Quarter/EE 271/Labs/Lab8/code.sv      ;         ;
+----------------------------------+-----------------+------------------------------+-----------------------------------------------------------------------------------------------+---------+


+---------------------------------------------------------------+
; Analysis & Synthesis Resource Usage Summary                   ;
+---------------------------------------------+-----------------+
; Resource                                    ; Usage           ;
+---------------------------------------------+-----------------+
; Estimate of Logic utilization (ALMs needed) ; 97              ;
;                                             ;                 ;
; Combinational ALUT usage for logic          ; 136             ;
;     -- 7 input functions                    ; 0               ;
;     -- 6 input functions                    ; 57              ;
;     -- 5 input functions                    ; 38              ;
;     -- 4 input functions                    ; 11              ;
;     -- <=3 input functions                  ; 30              ;
;                                             ;                 ;
; Dedicated logic registers                   ; 33              ;
;                                             ;                 ;
; I/O pins                                    ; 45              ;
; Total DSP Blocks                            ; 0               ;
; Maximum fan-out node                        ; morse:code|ps~2 ;
; Maximum fan-out                             ; 54              ;
; Total fan-out                               ; 773             ;
; Average fan-out                             ; 2.98            ;
+---------------------------------------------+-----------------+


+-------------------------------------------------------------------------------------------------------------------------------------------------------------------+
; Analysis & Synthesis Resource Utilization by Entity                                                                                                               ;
+----------------------------+-------------------+--------------+-------------------+------------+------+--------------+-----------------------------+--------------+
; Compilation Hierarchy Node ; LC Combinationals ; LC Registers ; Block Memory Bits ; DSP Blocks ; Pins ; Virtual Pins ; Full Hierarchy Name         ; Library Name ;
+----------------------------+-------------------+--------------+-------------------+------------+------+--------------+-----------------------------+--------------+
; |DE1_SoC                   ; 136 (5)           ; 33 (0)       ; 0                 ; 0          ; 45   ; 0            ; |DE1_SoC                    ; work         ;
;    |clock_divider:cdiv|    ; 21 (21)           ; 21 (21)      ; 0                 ; 0          ; 0    ; 0            ; |DE1_SoC|clock_divider:cdiv ; work         ;
;    |morse:code|            ; 101 (101)         ; 6 (6)        ; 0                 ; 0          ; 0    ; 0            ; |DE1_SoC|morse:code         ; work         ;
;    |userInput:length|      ; 9 (9)             ; 6 (6)        ; 0                 ; 0          ; 0    ; 0            ; |DE1_SoC|userInput:length   ; work         ;
+----------------------------+-------------------+--------------+-------------------+------------+------+--------------+-----------------------------+--------------+
Note: For table entries with two numbers listed, the numbers in parentheses indicate the number of resources of the given type used by the specific entity alone. The numbers listed outside of parentheses indicate the total resources of the given type used by the specific entity and all of its sub-entities in the hierarchy.


Encoding Type:  User-Encoded
+-------------------------------------------------------+
; State Machine - |DE1_SoC|morse:code|ps                ;
+-------------+------+------+------+------+------+------+
; Name        ; ps~7 ; ps~6 ; ps~5 ; ps~4 ; ps~3 ; ps~2 ;
+-------------+------+------+------+------+------+------+
; ps.nothing  ; 0    ; 0    ; 0    ; 0    ; 0    ; 0    ;
; ps.A        ; 0    ; 0    ; 0    ; 0    ; 0    ; 1    ;
; ps.B        ; 0    ; 0    ; 0    ; 0    ; 1    ; 0    ;
; ps.C        ; 0    ; 0    ; 0    ; 0    ; 1    ; 1    ;
; ps.D        ; 0    ; 0    ; 0    ; 1    ; 0    ; 0    ;
; ps.E        ; 0    ; 0    ; 0    ; 1    ; 0    ; 1    ;
; ps.F        ; 0    ; 0    ; 0    ; 1    ; 1    ; 0    ;
; ps.G        ; 0    ; 0    ; 0    ; 1    ; 1    ; 1    ;
; ps.H        ; 0    ; 0    ; 1    ; 0    ; 0    ; 0    ;
; ps.I        ; 0    ; 0    ; 1    ; 0    ; 0    ; 1    ;
; ps.J        ; 0    ; 0    ; 1    ; 0    ; 1    ; 0    ;
; ps.K        ; 0    ; 0    ; 1    ; 0    ; 1    ; 1    ;
; ps.L        ; 0    ; 0    ; 1    ; 1    ; 0    ; 0    ;
; ps.M        ; 0    ; 0    ; 1    ; 1    ; 0    ; 1    ;
; ps.N        ; 0    ; 0    ; 1    ; 1    ; 1    ; 0    ;
; ps.O        ; 0    ; 0    ; 1    ; 1    ; 1    ; 1    ;
; ps.P        ; 0    ; 1    ; 0    ; 0    ; 0    ; 0    ;
; ps.Q        ; 0    ; 1    ; 0    ; 0    ; 0    ; 1    ;
; ps.R        ; 0    ; 1    ; 0    ; 0    ; 1    ; 0    ;
; ps.S        ; 0    ; 1    ; 0    ; 0    ; 1    ; 1    ;
; ps.T        ; 0    ; 1    ; 0    ; 1    ; 0    ; 0    ;
; ps.U        ; 0    ; 1    ; 0    ; 1    ; 0    ; 1    ;
; ps.V        ; 0    ; 1    ; 0    ; 1    ; 1    ; 0    ;
; ps.W        ; 0    ; 1    ; 0    ; 1    ; 1    ; 1    ;
; ps.X        ; 0    ; 1    ; 1    ; 0    ; 0    ; 0    ;
; ps.Y        ; 0    ; 1    ; 1    ; 0    ; 0    ; 1    ;
; ps.Z        ; 0    ; 1    ; 1    ; 0    ; 1    ; 0    ;
; ps.ZERO     ; 0    ; 1    ; 1    ; 0    ; 1    ; 1    ;
; ps.ONE      ; 0    ; 1    ; 1    ; 1    ; 0    ; 0    ;
; ps.TWO      ; 0    ; 1    ; 1    ; 1    ; 0    ; 1    ;
; ps.THREE    ; 0    ; 1    ; 1    ; 1    ; 1    ; 0    ;
; ps.FOUR     ; 0    ; 1    ; 1    ; 1    ; 1    ; 1    ;
; ps.FIVE     ; 1    ; 0    ; 0    ; 0    ; 0    ; 0    ;
; ps.SIX      ; 1    ; 0    ; 0    ; 0    ; 0    ; 1    ;
; ps.SEVEN    ; 1    ; 0    ; 0    ; 0    ; 1    ; 0    ;
; ps.EIGHT    ; 1    ; 0    ; 0    ; 0    ; 1    ; 1    ;
; ps.NINE     ; 1    ; 0    ; 0    ; 1    ; 0    ; 0    ;
; ps.RANDOM_1 ; 1    ; 0    ; 0    ; 1    ; 0    ; 1    ;
; ps.RANDOM_2 ; 1    ; 0    ; 0    ; 1    ; 1    ; 0    ;
; ps.RANDOM_3 ; 1    ; 0    ; 0    ; 1    ; 1    ; 1    ;
+-------------+------+------+------+------+------+------+


+----------------------------------------------------------------+
; Registers Removed During Synthesis                             ;
+-------------------------------------------+--------------------+
; Register name                             ; Reason for Removal ;
+-------------------------------------------+--------------------+
; clock_divider:cdiv|divided_clocks[21..31] ; Lost fanout        ;
; Total Number of Removed Registers = 11    ;                    ;
+-------------------------------------------+--------------------+


+------------------------------------------------------+
; General Register Statistics                          ;
+----------------------------------------------+-------+
; Statistic                                    ; Value ;
+----------------------------------------------+-------+
; Total registers                              ; 33    ;
; Number of registers using Synchronous Clear  ; 0     ;
; Number of registers using Synchronous Load   ; 0     ;
; Number of registers using Asynchronous Clear ; 0     ;
; Number of registers using Asynchronous Load  ; 0     ;
; Number of registers using Clock Enable       ; 0     ;
; Number of registers using Preset             ; 0     ;
+----------------------------------------------+-------+


+-------------------------------------------------------------------------+
; Parameter Settings for User Entity Instance: Top-level Entity: |DE1_SoC ;
+----------------+-------+------------------------------------------------+
; Parameter Name ; Value ; Type                                           ;
+----------------+-------+------------------------------------------------+
; whichClock     ; 20    ; Signed Integer                                 ;
+----------------+-------+------------------------------------------------+
Note: In order to hide this table in the UI and the text report file, please set the "Show Parameter Settings in Synthesis Report" option in "Analysis and Synthesis Settings -> More Settings" to "Off".


+---------------------------------------------------------+
; Parameter Settings for User Entity Instance: morse:code ;
+----------------+--------+-------------------------------+
; Parameter Name ; Value  ; Type                          ;
+----------------+--------+-------------------------------+
; nothing        ; 000000 ; Unsigned Binary               ;
; A              ; 000001 ; Unsigned Binary               ;
; B              ; 000010 ; Unsigned Binary               ;
; C              ; 000011 ; Unsigned Binary               ;
; D              ; 000100 ; Unsigned Binary               ;
; E              ; 000101 ; Unsigned Binary               ;
; F              ; 000110 ; Unsigned Binary               ;
; G              ; 000111 ; Unsigned Binary               ;
; H              ; 001000 ; Unsigned Binary               ;
; I              ; 001001 ; Unsigned Binary               ;
; J              ; 001010 ; Unsigned Binary               ;
; K              ; 001011 ; Unsigned Binary               ;
; L              ; 001100 ; Unsigned Binary               ;
; M              ; 001101 ; Unsigned Binary               ;
; N              ; 001110 ; Unsigned Binary               ;
; O              ; 001111 ; Unsigned Binary               ;
; P              ; 010000 ; Unsigned Binary               ;
; Q              ; 010001 ; Unsigned Binary               ;
; R              ; 010010 ; Unsigned Binary               ;
; S              ; 010011 ; Unsigned Binary               ;
; T              ; 010100 ; Unsigned Binary               ;
; U              ; 010101 ; Unsigned Binary               ;
; V              ; 010110 ; Unsigned Binary               ;
; W              ; 010111 ; Unsigned Binary               ;
; X              ; 011000 ; Unsigned Binary               ;
; Y              ; 011001 ; Unsigned Binary               ;
; Z              ; 011010 ; Unsigned Binary               ;
; ZERO           ; 011011 ; Unsigned Binary               ;
; ONE            ; 011100 ; Unsigned Binary               ;
; TWO            ; 011101 ; Unsigned Binary               ;
; THREE          ; 011110 ; Unsigned Binary               ;
; FOUR           ; 011111 ; Unsigned Binary               ;
; FIVE           ; 100000 ; Unsigned Binary               ;
; SIX            ; 100001 ; Unsigned Binary               ;
; SEVEN          ; 100010 ; Unsigned Binary               ;
; EIGHT          ; 100011 ; Unsigned Binary               ;
; NINE           ; 100100 ; Unsigned Binary               ;
; RANDOM_1       ; 100101 ; Unsigned Binary               ;
; RANDOM_2       ; 100110 ; Unsigned Binary               ;
; RANDOM_3       ; 100111 ; Unsigned Binary               ;
+----------------+--------+-------------------------------+
Note: In order to hide this table in the UI and the text report file, please set the "Show Parameter Settings in Synthesis Report" option in "Analysis and Synthesis Settings -> More Settings" to "Off".


+----------------------------------------------------------------------------------------------------------------------------------+
; Port Connectivity Checks: "clock_divider:cdiv"                                                                                   ;
+------------------------+--------+----------+-------------------------------------------------------------------------------------+
; Port                   ; Type   ; Severity ; Details                                                                             ;
+------------------------+--------+----------+-------------------------------------------------------------------------------------+
; divided_clocks[31..21] ; Output ; Info     ; Connected to dangling logic. Logic that only feeds a dangling port will be removed. ;
; divided_clocks[19..0]  ; Output ; Info     ; Connected to dangling logic. Logic that only feeds a dangling port will be removed. ;
+------------------------+--------+----------+-------------------------------------------------------------------------------------+


+-----------------------------------------------------+
; Post-Synthesis Netlist Statistics for Top Partition ;
+-----------------------+-----------------------------+
; Type                  ; Count                       ;
+-----------------------+-----------------------------+
; arriav_ff             ; 33                          ;
;     plain             ; 33                          ;
; arriav_lcell_comb     ; 146                         ;
;     arith             ; 20                          ;
;         1 data inputs ; 19                          ;
;         2 data inputs ; 1                           ;
;     normal            ; 126                         ;
;         0 data inputs ; 1                           ;
;         1 data inputs ; 10                          ;
;         2 data inputs ; 3                           ;
;         3 data inputs ; 6                           ;
;         4 data inputs ; 11                          ;
;         5 data inputs ; 38                          ;
;         6 data inputs ; 57                          ;
; boundary_port         ; 45                          ;
;                       ;                             ;
; Max LUT depth         ; 4.00                        ;
; Average LUT depth     ; 2.93                        ;
+-----------------------+-----------------------------+


+-------------------------------+
; Elapsed Time Per Partition    ;
+----------------+--------------+
; Partition Name ; Elapsed Time ;
+----------------+--------------+
; Top            ; 00:00:00     ;
+----------------+--------------+


+-------------------------------+
; Analysis & Synthesis Messages ;
+-------------------------------+
Info: *******************************************************************
Info: Running Quartus II 64-Bit Analysis & Synthesis
    Info: Version 14.0.0 Build 200 06/17/2014 SJ Web Edition
    Info: Processing started: Mon Dec 01 15:38:49 2014
Info: Command: quartus_map --read_settings_files=on --write_settings_files=off DE1_SoC -c DE1_SoC
Info (11104): Parallel Compilation has detected 8 hyper-threaded processors. However, the extra hyper-threaded processors will not be used by default. Parallel Compilation will use 4 of the 4 physical processors detected instead.
Info (12021): Found 2 design units, including 2 entities, in source file userinput.sv
    Info (12023): Found entity 1: userInput
    Info (12023): Found entity 2: userInput_testbench
Info (12021): Found 2 design units, including 2 entities, in source file de1_soc.sv
    Info (12023): Found entity 1: DE1_SoC
    Info (12023): Found entity 2: clock_divider
Info (12021): Found 2 design units, including 2 entities, in source file code.sv
    Info (12023): Found entity 1: morse
    Info (12023): Found entity 2: morse_testbench
Info (12127): Elaborating entity "DE1_SoC" for the top level hierarchy
Info (12128): Elaborating entity "clock_divider" for hierarchy "clock_divider:cdiv"
Info (12128): Elaborating entity "userInput" for hierarchy "userInput:length"
Info (12128): Elaborating entity "morse" for hierarchy "morse:code"
Info (10264): Verilog HDL Case Statement information at code.sv(234): all case item expressions in this case statement are onehot
Info (286030): Timing-Driven Synthesis is running
Info (17049): 11 registers lost all their fanouts during netlist optimizations.
Info (16010): Generating hard_block partition "hard_block:auto_generated_inst"
    Info (16011): Adding 0 node(s), including 0 DDIO, 0 PLL, 0 transceiver and 0 LCELL
Info (21057): Implemented 181 device resources after synthesis - the final resource count might be different
    Info (21058): Implemented 3 input pins
    Info (21059): Implemented 42 output pins
    Info (21061): Implemented 136 logic cells
Info: Quartus II 64-Bit Analysis & Synthesis was successful. 0 errors, 0 warnings
    Info: Peak virtual memory: 645 megabytes
    Info: Processing ended: Mon Dec 01 15:38:52 2014
    Info: Elapsed time: 00:00:03
    Info: Total CPU time (on all processors): 00:00:02


